============================= test session starts ==============================
collected 23 items / 1 skipped

tests/integration/test_quantization_e2e.py FFFEFFF                       [ 30%]
tests/proto_first_integration_test.py ..                                 [ 39%]
tests/python/test_upsert_operations.py FFFFFFFFFFFFFF                    [100%]

==================================== ERRORS ====================================
______ ERROR at setup of TestQuantizationE2E.test_grpc_quantization_hints ______
tests/integration/test_quantization_e2e.py:45: in grpc_client
    client = connect_grpc("localhost:5679")
             ^^^^^^^^^^^^^^^^^^^^^^^^^^^^^^
clients/python/src/proximadb/unified_client.py:1082: in connect_grpc
    return ProximaDBClient(url=url, api_key=api_key, protocol=Protocol.GRPC, **kwargs)
           ^^^^^^^^^^^^^^^^^^^^^^^^^^^^^^^^^^^^^^^^^^^^^^^^^^^^^^^^^^^^^^^^^^^^^^^^^^^
clients/python/src/proximadb/unified_client.py:103: in __init__
    config = load_config(url=url, api_key=api_key, **kwargs)
             ^^^^^^^^^^^^^^^^^^^^^^^^^^^^^^^^^^^^^^^^^^^^^^^
clients/python/src/proximadb/config.py:348: in load_config
    return ClientConfig.from_env(**config_dict)
           ^^^^^^^^^^^^^^^^^^^^^^^^^^^^^^^^^^^^
clients/python/src/proximadb/config.py:221: in from_env
    return cls(**config_dict)
           ^^^^^^^^^^^^^^^^^^
E   pydantic_core._pydantic_core.ValidationError: 1 validation error for ClientConfig
E   url
E     Value error, URL must use http, https, or grpc scheme [type=value_error, input_value='localhost:5679', input_type=str]
E       For further information visit https://errors.pydantic.dev/2.8/v/value_error
=================================== FAILURES ===================================
___________ TestQuantizationE2E.test_proto_quantization_fields_exist ___________
tests/integration/test_quantization_e2e.py:64: in test_proto_quantization_fields_exist
    assert hasattr(search_req, 'optimization_hints')
E   AssertionError: assert False
E    +  where False = hasattr(, 'optimization_hints')
______ TestQuantizationE2E.test_create_collection_with_quantization_rest _______
tests/integration/test_quantization_e2e.py:82: in test_create_collection_with_quantization_rest
    config = CollectionConfig(
E   pydantic_core._pydantic_core.ValidationError: 1 validation error for CollectionConfig
E   name
E     Field required [type=missing, input_value={'dimension': 128, 'dista...training_threshold=0.9)}, input_type=dict]
E       For further information visit https://errors.pydantic.dev/2.8/v/missing
------------------------------ Captured log setup ------------------------------
INFO     proximadb.protocols.rest_sync:rest_sync.py:80 Initialized ProximaDB client for http://localhost:5678
INFO     proximadb.unified_client:unified_client.py:151 🌐 Using REST client (forced)
_________ TestQuantizationE2E.test_search_with_optimization_hints_rest _________
tests/integration/test_quantization_e2e.py:117: in test_search_with_optimization_hints_rest
    config = CollectionConfig(dimension=256)
             ^^^^^^^^^^^^^^^^^^^^^^^^^^^^^^^
E   pydantic_core._pydantic_core.ValidationError: 1 validation error for CollectionConfig
E   name
E     Field required [type=missing, input_value={'dimension': 256}, input_type=dict]
E       For further information visit https://errors.pydantic.dev/2.8/v/missing
------------------------------ Captured log setup ------------------------------
INFO     proximadb.protocols.rest_sync:rest_sync.py:80 Initialized ProximaDB client for http://localhost:5678
INFO     proximadb.unified_client:unified_client.py:151 🌐 Using REST client (forced)
_________________ TestQuantizationE2E.test_quantization_types __________________
tests/integration/test_quantization_e2e.py:256: in test_quantization_types
    config = CollectionConfig(
E   pydantic_core._pydantic_core.ValidationError: 1 validation error for CollectionConfig
E   name
E     Field required [type=missing, input_value={'dimension': 512, 'dista...training_threshold=0.9)}, input_type=dict]
E       For further information visit https://errors.pydantic.dev/2.8/v/missing
------------------------------ Captured log setup ------------------------------
INFO     proximadb.protocols.rest_sync:rest_sync.py:80 Initialized ProximaDB client for http://localhost:5678
INFO     proximadb.unified_client:unified_client.py:151 🌐 Using REST client (forced)
______________ TestQuantizationE2E.test_progressive_quantization _______________
tests/integration/test_quantization_e2e.py:286: in test_progressive_quantization
    config = CollectionConfig(
E   pydantic_core._pydantic_core.ValidationError: 1 validation error for CollectionConfig
E   name
E     Field required [type=missing, input_value={'dimension': 128, 'dista...training_threshold=0.9)}, input_type=dict]
E       For further information visit https://errors.pydantic.dev/2.8/v/missing
------------------------------ Captured log setup ------------------------------
INFO     proximadb.protocols.rest_sync:rest_sync.py:80 Initialized ProximaDB client for http://localhost:5678
INFO     proximadb.unified_client:unified_client.py:151 🌐 Using REST client (forced)
_________________ TestQuantizationE2E.test_search_hints_model __________________
tests/integration/test_quantization_e2e.py:331: in test_search_hints_model
    hints = SearchOptimizationHints(
E   pydantic_core._pydantic_core.ValidationError: 1 validation error for SearchOptimization
E   quantization_hint
E     Input should be a valid dictionary or instance of QuantizationHint [type=model_type, input_value='PQ4', input_type=str]
E       For further information visit https://errors.pydantic.dev/2.8/v/model_type
___________ TestBasicUpsertOperations.test_basic_vector_upsert[rest] ___________
tests/python/test_upsert_operations.py:181: in test_basic_vector_upsert
    await test_framework.setup_collection("test_basic_upsert")
          ^^^^^^^^^^^^^^^^^^^^^^^^^^^^^^^
E   AttributeError: 'async_generator' object has no attribute 'setup_collection'
___________ TestBasicUpsertOperations.test_basic_vector_upsert[grpc] ___________
tests/python/test_upsert_operations.py:181: in test_basic_vector_upsert
    await test_framework.setup_collection("test_basic_upsert")
          ^^^^^^^^^^^^^^^^^^^^^^^^^^^^^^^
E   AttributeError: 'async_generator' object has no attribute 'setup_collection'
_________ TestIDConflictResolution.test_multiple_upserts_same_id[rest] _________
tests/python/test_upsert_operations.py:230: in test_multiple_upserts_same_id
    await test_framework.setup_collection("test_id_conflicts")
          ^^^^^^^^^^^^^^^^^^^^^^^^^^^^^^^
E   AttributeError: 'async_generator' object has no attribute 'setup_collection'
_________ TestIDConflictResolution.test_multiple_upserts_same_id[grpc] _________
tests/python/test_upsert_operations.py:230: in test_multiple_upserts_same_id
    await test_framework.setup_collection("test_id_conflicts")
          ^^^^^^^^^^^^^^^^^^^^^^^^^^^^^^^
E   AttributeError: 'async_generator' object has no attribute 'setup_collection'
____________ TestIDConflictResolution.test_concurrent_upserts[rest] ____________
tests/python/test_upsert_operations.py:272: in test_concurrent_upserts
    await test_framework.setup_collection("test_concurrent")
          ^^^^^^^^^^^^^^^^^^^^^^^^^^^^^^^
E   AttributeError: 'async_generator' object has no attribute 'setup_collection'
____________ TestIDConflictResolution.test_concurrent_upserts[grpc] ____________
tests/python/test_upsert_operations.py:272: in test_concurrent_upserts
    await test_framework.setup_collection("test_concurrent")
          ^^^^^^^^^^^^^^^^^^^^^^^^^^^^^^^
E   AttributeError: 'async_generator' object has no attribute 'setup_collection'
____ TestCrossTierDeduplication.test_unflushed_flushed_deduplication[rest] _____
tests/python/test_upsert_operations.py:304: in test_unflushed_flushed_deduplication
    await test_framework.setup_collection("test_cross_tier", storage_engine="LSM")
          ^^^^^^^^^^^^^^^^^^^^^^^^^^^^^^^
E   AttributeError: 'async_generator' object has no attribute 'setup_collection'
____ TestCrossTierDeduplication.test_unflushed_flushed_deduplication[grpc] _____
tests/python/test_upsert_operations.py:304: in test_unflushed_flushed_deduplication
    await test_framework.setup_collection("test_cross_tier", storage_engine="LSM")
          ^^^^^^^^^^^^^^^^^^^^^^^^^^^^^^^
E   AttributeError: 'async_generator' object has no attribute 'setup_collection'
________ TestMetadataFiltering.test_upsert_with_metadata_filters[rest] _________
tests/python/test_upsert_operations.py:349: in test_upsert_with_metadata_filters
    await test_framework.setup_collection("test_metadata_filter")
          ^^^^^^^^^^^^^^^^^^^^^^^^^^^^^^^
E   AttributeError: 'async_generator' object has no attribute 'setup_collection'
________ TestMetadataFiltering.test_upsert_with_metadata_filters[grpc] _________
tests/python/test_upsert_operations.py:349: in test_upsert_with_metadata_filters
    await test_framework.setup_collection("test_metadata_filter")
          ^^^^^^^^^^^^^^^^^^^^^^^^^^^^^^^
E   AttributeError: 'async_generator' object has no attribute 'setup_collection'
_______________ TestBatchUpserts.test_mixed_batch_upserts[rest] ________________
tests/python/test_upsert_operations.py:402: in test_mixed_batch_upserts
    await test_framework.setup_collection("test_batch_mixed")
          ^^^^^^^^^^^^^^^^^^^^^^^^^^^^^^^
E   AttributeError: 'async_generator' object has no attribute 'setup_collection'
_______________ TestBatchUpserts.test_mixed_batch_upserts[grpc] ________________
tests/python/test_upsert_operations.py:402: in test_mixed_batch_upserts
    await test_framework.setup_collection("test_batch_mixed")
          ^^^^^^^^^^^^^^^^^^^^^^^^^^^^^^^
E   AttributeError: 'async_generator' object has no attribute 'setup_collection'
______________ TestPerformance.test_bulk_upsert_performance[rest] ______________
tests/python/test_upsert_operations.py:447: in test_bulk_upsert_performance
    await test_framework.setup_collection("test_bulk_performance")
          ^^^^^^^^^^^^^^^^^^^^^^^^^^^^^^^
E   AttributeError: 'async_generator' object has no attribute 'setup_collection'
______________ TestPerformance.test_bulk_upsert_performance[grpc] ______________
tests/python/test_upsert_operations.py:447: in test_bulk_upsert_performance
    await test_framework.setup_collection("test_bulk_performance")
          ^^^^^^^^^^^^^^^^^^^^^^^^^^^^^^^
E   AttributeError: 'async_generator' object has no attribute 'setup_collection'
=============================== warnings summary ===============================
tests/python/test_sdk_upsert_operations.py:28
  /home/vsingh/code/proximaDB/tests/python/test_sdk_upsert_operations.py:28: DeprecationWarning: proximadb.grpc_client is deprecated. Please use ProximaDBClient(protocol=Protocol.GRPC) instead.
    from proximadb.grpc_client import ProximaDBGrpcClient

tests/proto_first_integration_test.py::test_proto_first_vector_insert
  /home/vsingh/anaconda3/lib/python3.12/site-packages/_pytest/python.py:161: PytestReturnNotNoneWarning: Test functions should return None, but tests/proto_first_integration_test.py::test_proto_first_vector_insert returned <class 'bool'>.
  Did you mean to use `assert` instead of `return`?
  See https://docs.pytest.org/en/stable/how-to/assert.html#return-not-none for more information.
    warnings.warn(

tests/proto_first_integration_test.py::test_proto_first_architecture_demo
  /home/vsingh/anaconda3/lib/python3.12/site-packages/_pytest/python.py:161: PytestReturnNotNoneWarning: Test functions should return None, but tests/proto_first_integration_test.py::test_proto_first_architecture_demo returned <class 'bool'>.
  Did you mean to use `assert` instead of `return`?
  See https://docs.pytest.org/en/stable/how-to/assert.html#return-not-none for more information.
    warnings.warn(

tests/python/test_upsert_operations.py::TestBasicUpsertOperations::test_basic_vector_upsert[rest]
  /home/vsingh/anaconda3/lib/python3.12/site-packages/_pytest/fixtures.py:1181: PytestRemovedIn9Warning: 'test_basic_vector_upsert[rest]' requested an async fixture 'test_framework', with no plugin or hook that handled it. This is usually an error, as pytest does not natively support it. This will turn into an error in pytest 9.
  See: https://docs.pytest.org/en/stable/deprecations.html#sync-test-depending-on-async-fixture
    warnings.warn(

tests/python/test_upsert_operations.py::TestBasicUpsertOperations::test_basic_vector_upsert[rest]
  /home/vsingh/anaconda3/lib/python3.12/site-packages/pytest_asyncio/plugin.py:598: PytestDeprecationWarning: asyncio test 'test_basic_vector_upsert[rest]' requested async @pytest.fixture 'test_framework' in strict mode. You might want to use @pytest_asyncio.fixture or switch to auto mode. This will become an error in future versions of flake8-asyncio.
    warnings.warn(

tests/python/test_upsert_operations.py::TestBasicUpsertOperations::test_basic_vector_upsert[grpc]
  /home/vsingh/anaconda3/lib/python3.12/site-packages/_pytest/fixtures.py:1181: PytestRemovedIn9Warning: 'test_basic_vector_upsert[grpc]' requested an async fixture 'test_framework', with no plugin or hook that handled it. This is usually an error, as pytest does not natively support it. This will turn into an error in pytest 9.
  See: https://docs.pytest.org/en/stable/deprecations.html#sync-test-depending-on-async-fixture
    warnings.warn(

tests/python/test_upsert_operations.py::TestBasicUpsertOperations::test_basic_vector_upsert[grpc]
  /home/vsingh/anaconda3/lib/python3.12/site-packages/pytest_asyncio/plugin.py:598: PytestDeprecationWarning: asyncio test 'test_basic_vector_upsert[grpc]' requested async @pytest.fixture 'test_framework' in strict mode. You might want to use @pytest_asyncio.fixture or switch to auto mode. This will become an error in future versions of flake8-asyncio.
    warnings.warn(

tests/python/test_upsert_operations.py::TestIDConflictResolution::test_multiple_upserts_same_id[rest]
  /home/vsingh/anaconda3/lib/python3.12/site-packages/_pytest/fixtures.py:1181: PytestRemovedIn9Warning: 'test_multiple_upserts_same_id[rest]' requested an async fixture 'test_framework', with no plugin or hook that handled it. This is usually an error, as pytest does not natively support it. This will turn into an error in pytest 9.
  See: https://docs.pytest.org/en/stable/deprecations.html#sync-test-depending-on-async-fixture
    warnings.warn(

tests/python/test_upsert_operations.py::TestIDConflictResolution::test_multiple_upserts_same_id[rest]
  /home/vsingh/anaconda3/lib/python3.12/site-packages/pytest_asyncio/plugin.py:598: PytestDeprecationWarning: asyncio test 'test_multiple_upserts_same_id[rest]' requested async @pytest.fixture 'test_framework' in strict mode. You might want to use @pytest_asyncio.fixture or switch to auto mode. This will become an error in future versions of flake8-asyncio.
    warnings.warn(

tests/python/test_upsert_operations.py::TestIDConflictResolution::test_multiple_upserts_same_id[grpc]
  /home/vsingh/anaconda3/lib/python3.12/site-packages/_pytest/fixtures.py:1181: PytestRemovedIn9Warning: 'test_multiple_upserts_same_id[grpc]' requested an async fixture 'test_framework', with no plugin or hook that handled it. This is usually an error, as pytest does not natively support it. This will turn into an error in pytest 9.
  See: https://docs.pytest.org/en/stable/deprecations.html#sync-test-depending-on-async-fixture
    warnings.warn(

tests/python/test_upsert_operations.py::TestIDConflictResolution::test_multiple_upserts_same_id[grpc]
  /home/vsingh/anaconda3/lib/python3.12/site-packages/pytest_asyncio/plugin.py:598: PytestDeprecationWarning: asyncio test 'test_multiple_upserts_same_id[grpc]' requested async @pytest.fixture 'test_framework' in strict mode. You might want to use @pytest_asyncio.fixture or switch to auto mode. This will become an error in future versions of flake8-asyncio.
    warnings.warn(

tests/python/test_upsert_operations.py::TestIDConflictResolution::test_concurrent_upserts[rest]
  /home/vsingh/anaconda3/lib/python3.12/site-packages/_pytest/fixtures.py:1181: PytestRemovedIn9Warning: 'test_concurrent_upserts[rest]' requested an async fixture 'test_framework', with no plugin or hook that handled it. This is usually an error, as pytest does not natively support it. This will turn into an error in pytest 9.
  See: https://docs.pytest.org/en/stable/deprecations.html#sync-test-depending-on-async-fixture
    warnings.warn(

tests/python/test_upsert_operations.py::TestIDConflictResolution::test_concurrent_upserts[rest]
  /home/vsingh/anaconda3/lib/python3.12/site-packages/pytest_asyncio/plugin.py:598: PytestDeprecationWarning: asyncio test 'test_concurrent_upserts[rest]' requested async @pytest.fixture 'test_framework' in strict mode. You might want to use @pytest_asyncio.fixture or switch to auto mode. This will become an error in future versions of flake8-asyncio.
    warnings.warn(

tests/python/test_upsert_operations.py::TestIDConflictResolution::test_concurrent_upserts[grpc]
  /home/vsingh/anaconda3/lib/python3.12/site-packages/_pytest/fixtures.py:1181: PytestRemovedIn9Warning: 'test_concurrent_upserts[grpc]' requested an async fixture 'test_framework', with no plugin or hook that handled it. This is usually an error, as pytest does not natively support it. This will turn into an error in pytest 9.
  See: https://docs.pytest.org/en/stable/deprecations.html#sync-test-depending-on-async-fixture
    warnings.warn(

tests/python/test_upsert_operations.py::TestIDConflictResolution::test_concurrent_upserts[grpc]
  /home/vsingh/anaconda3/lib/python3.12/site-packages/pytest_asyncio/plugin.py:598: PytestDeprecationWarning: asyncio test 'test_concurrent_upserts[grpc]' requested async @pytest.fixture 'test_framework' in strict mode. You might want to use @pytest_asyncio.fixture or switch to auto mode. This will become an error in future versions of flake8-asyncio.
    warnings.warn(

tests/python/test_upsert_operations.py::TestCrossTierDeduplication::test_unflushed_flushed_deduplication[rest]
  /home/vsingh/anaconda3/lib/python3.12/site-packages/_pytest/fixtures.py:1181: PytestRemovedIn9Warning: 'test_unflushed_flushed_deduplication[rest]' requested an async fixture 'test_framework', with no plugin or hook that handled it. This is usually an error, as pytest does not natively support it. This will turn into an error in pytest 9.
  See: https://docs.pytest.org/en/stable/deprecations.html#sync-test-depending-on-async-fixture
    warnings.warn(

tests/python/test_upsert_operations.py::TestCrossTierDeduplication::test_unflushed_flushed_deduplication[rest]
  /home/vsingh/anaconda3/lib/python3.12/site-packages/pytest_asyncio/plugin.py:598: PytestDeprecationWarning: asyncio test 'test_unflushed_flushed_deduplication[rest]' requested async @pytest.fixture 'test_framework' in strict mode. You might want to use @pytest_asyncio.fixture or switch to auto mode. This will become an error in future versions of flake8-asyncio.
    warnings.warn(

tests/python/test_upsert_operations.py::TestCrossTierDeduplication::test_unflushed_flushed_deduplication[grpc]
  /home/vsingh/anaconda3/lib/python3.12/site-packages/_pytest/fixtures.py:1181: PytestRemovedIn9Warning: 'test_unflushed_flushed_deduplication[grpc]' requested an async fixture 'test_framework', with no plugin or hook that handled it. This is usually an error, as pytest does not natively support it. This will turn into an error in pytest 9.
  See: https://docs.pytest.org/en/stable/deprecations.html#sync-test-depending-on-async-fixture
    warnings.warn(

tests/python/test_upsert_operations.py::TestCrossTierDeduplication::test_unflushed_flushed_deduplication[grpc]
  /home/vsingh/anaconda3/lib/python3.12/site-packages/pytest_asyncio/plugin.py:598: PytestDeprecationWarning: asyncio test 'test_unflushed_flushed_deduplication[grpc]' requested async @pytest.fixture 'test_framework' in strict mode. You might want to use @pytest_asyncio.fixture or switch to auto mode. This will become an error in future versions of flake8-asyncio.
    warnings.warn(

tests/python/test_upsert_operations.py::TestMetadataFiltering::test_upsert_with_metadata_filters[rest]
  /home/vsingh/anaconda3/lib/python3.12/site-packages/_pytest/fixtures.py:1181: PytestRemovedIn9Warning: 'test_upsert_with_metadata_filters[rest]' requested an async fixture 'test_framework', with no plugin or hook that handled it. This is usually an error, as pytest does not natively support it. This will turn into an error in pytest 9.
  See: https://docs.pytest.org/en/stable/deprecations.html#sync-test-depending-on-async-fixture
    warnings.warn(

tests/python/test_upsert_operations.py::TestMetadataFiltering::test_upsert_with_metadata_filters[rest]
  /home/vsingh/anaconda3/lib/python3.12/site-packages/pytest_asyncio/plugin.py:598: PytestDeprecationWarning: asyncio test 'test_upsert_with_metadata_filters[rest]' requested async @pytest.fixture 'test_framework' in strict mode. You might want to use @pytest_asyncio.fixture or switch to auto mode. This will become an error in future versions of flake8-asyncio.
    warnings.warn(

tests/python/test_upsert_operations.py::TestMetadataFiltering::test_upsert_with_metadata_filters[grpc]
  /home/vsingh/anaconda3/lib/python3.12/site-packages/_pytest/fixtures.py:1181: PytestRemovedIn9Warning: 'test_upsert_with_metadata_filters[grpc]' requested an async fixture 'test_framework', with no plugin or hook that handled it. This is usually an error, as pytest does not natively support it. This will turn into an error in pytest 9.
  See: https://docs.pytest.org/en/stable/deprecations.html#sync-test-depending-on-async-fixture
    warnings.warn(

tests/python/test_upsert_operations.py::TestMetadataFiltering::test_upsert_with_metadata_filters[grpc]
  /home/vsingh/anaconda3/lib/python3.12/site-packages/pytest_asyncio/plugin.py:598: PytestDeprecationWarning: asyncio test 'test_upsert_with_metadata_filters[grpc]' requested async @pytest.fixture 'test_framework' in strict mode. You might want to use @pytest_asyncio.fixture or switch to auto mode. This will become an error in future versions of flake8-asyncio.
    warnings.warn(

tests/python/test_upsert_operations.py::TestBatchUpserts::test_mixed_batch_upserts[rest]
  /home/vsingh/anaconda3/lib/python3.12/site-packages/_pytest/fixtures.py:1181: PytestRemovedIn9Warning: 'test_mixed_batch_upserts[rest]' requested an async fixture 'test_framework', with no plugin or hook that handled it. This is usually an error, as pytest does not natively support it. This will turn into an error in pytest 9.
  See: https://docs.pytest.org/en/stable/deprecations.html#sync-test-depending-on-async-fixture
    warnings.warn(

tests/python/test_upsert_operations.py::TestBatchUpserts::test_mixed_batch_upserts[rest]
  /home/vsingh/anaconda3/lib/python3.12/site-packages/pytest_asyncio/plugin.py:598: PytestDeprecationWarning: asyncio test 'test_mixed_batch_upserts[rest]' requested async @pytest.fixture 'test_framework' in strict mode. You might want to use @pytest_asyncio.fixture or switch to auto mode. This will become an error in future versions of flake8-asyncio.
    warnings.warn(

tests/python/test_upsert_operations.py::TestBatchUpserts::test_mixed_batch_upserts[grpc]
  /home/vsingh/anaconda3/lib/python3.12/site-packages/_pytest/fixtures.py:1181: PytestRemovedIn9Warning: 'test_mixed_batch_upserts[grpc]' requested an async fixture 'test_framework', with no plugin or hook that handled it. This is usually an error, as pytest does not natively support it. This will turn into an error in pytest 9.
  See: https://docs.pytest.org/en/stable/deprecations.html#sync-test-depending-on-async-fixture
    warnings.warn(

tests/python/test_upsert_operations.py::TestBatchUpserts::test_mixed_batch_upserts[grpc]
  /home/vsingh/anaconda3/lib/python3.12/site-packages/pytest_asyncio/plugin.py:598: PytestDeprecationWarning: asyncio test 'test_mixed_batch_upserts[grpc]' requested async @pytest.fixture 'test_framework' in strict mode. You might want to use @pytest_asyncio.fixture or switch to auto mode. This will become an error in future versions of flake8-asyncio.
    warnings.warn(

tests/python/test_upsert_operations.py::TestPerformance::test_bulk_upsert_performance[rest]
  /home/vsingh/anaconda3/lib/python3.12/site-packages/_pytest/fixtures.py:1181: PytestRemovedIn9Warning: 'test_bulk_upsert_performance[rest]' requested an async fixture 'test_framework', with no plugin or hook that handled it. This is usually an error, as pytest does not natively support it. This will turn into an error in pytest 9.
  See: https://docs.pytest.org/en/stable/deprecations.html#sync-test-depending-on-async-fixture
    warnings.warn(

tests/python/test_upsert_operations.py::TestPerformance::test_bulk_upsert_performance[rest]
  /home/vsingh/anaconda3/lib/python3.12/site-packages/pytest_asyncio/plugin.py:598: PytestDeprecationWarning: asyncio test 'test_bulk_upsert_performance[rest]' requested async @pytest.fixture 'test_framework' in strict mode. You might want to use @pytest_asyncio.fixture or switch to auto mode. This will become an error in future versions of flake8-asyncio.
    warnings.warn(

tests/python/test_upsert_operations.py::TestPerformance::test_bulk_upsert_performance[grpc]
  /home/vsingh/anaconda3/lib/python3.12/site-packages/_pytest/fixtures.py:1181: PytestRemovedIn9Warning: 'test_bulk_upsert_performance[grpc]' requested an async fixture 'test_framework', with no plugin or hook that handled it. This is usually an error, as pytest does not natively support it. This will turn into an error in pytest 9.
  See: https://docs.pytest.org/en/stable/deprecations.html#sync-test-depending-on-async-fixture
    warnings.warn(

tests/python/test_upsert_operations.py::TestPerformance::test_bulk_upsert_performance[grpc]
  /home/vsingh/anaconda3/lib/python3.12/site-packages/pytest_asyncio/plugin.py:598: PytestDeprecationWarning: asyncio test 'test_bulk_upsert_performance[grpc]' requested async @pytest.fixture 'test_framework' in strict mode. You might want to use @pytest_asyncio.fixture or switch to auto mode. This will become an error in future versions of flake8-asyncio.
    warnings.warn(

-- Docs: https://docs.pytest.org/en/stable/how-to/capture-warnings.html
=========================== short test summary info ============================
FAILED tests/integration/test_quantization_e2e.py::TestQuantizationE2E::test_proto_quantization_fields_exist
FAILED tests/integration/test_quantization_e2e.py::TestQuantizationE2E::test_create_collection_with_quantization_rest
FAILED tests/integration/test_quantization_e2e.py::TestQuantizationE2E::test_search_with_optimization_hints_rest
FAILED tests/integration/test_quantization_e2e.py::TestQuantizationE2E::test_quantization_types
FAILED tests/integration/test_quantization_e2e.py::TestQuantizationE2E::test_progressive_quantization
FAILED tests/integration/test_quantization_e2e.py::TestQuantizationE2E::test_search_hints_model
FAILED tests/python/test_upsert_operations.py::TestBasicUpsertOperations::test_basic_vector_upsert[rest]
FAILED tests/python/test_upsert_operations.py::TestBasicUpsertOperations::test_basic_vector_upsert[grpc]
FAILED tests/python/test_upsert_operations.py::TestIDConflictResolution::test_multiple_upserts_same_id[rest]
FAILED tests/python/test_upsert_operations.py::TestIDConflictResolution::test_multiple_upserts_same_id[grpc]
FAILED tests/python/test_upsert_operations.py::TestIDConflictResolution::test_concurrent_upserts[rest]
FAILED tests/python/test_upsert_operations.py::TestIDConflictResolution::test_concurrent_upserts[grpc]
FAILED tests/python/test_upsert_operations.py::TestCrossTierDeduplication::test_unflushed_flushed_deduplication[rest]
FAILED tests/python/test_upsert_operations.py::TestCrossTierDeduplication::test_unflushed_flushed_deduplication[grpc]
FAILED tests/python/test_upsert_operations.py::TestMetadataFiltering::test_upsert_with_metadata_filters[rest]
FAILED tests/python/test_upsert_operations.py::TestMetadataFiltering::test_upsert_with_metadata_filters[grpc]
FAILED tests/python/test_upsert_operations.py::TestBatchUpserts::test_mixed_batch_upserts[rest]
FAILED tests/python/test_upsert_operations.py::TestBatchUpserts::test_mixed_batch_upserts[grpc]
FAILED tests/python/test_upsert_operations.py::TestPerformance::test_bulk_upsert_performance[rest]
FAILED tests/python/test_upsert_operations.py::TestPerformance::test_bulk_upsert_performance[grpc]
ERROR tests/integration/test_quantization_e2e.py::TestQuantizationE2E::test_grpc_quantization_hints
======== 20 failed, 2 passed, 1 skipped, 31 warnings, 1 error in 0.49s =========
