<?xml version="1.0" encoding="utf-8"?><testsuites name="pytest tests"><testsuite name="pytest" errors="12" failures="3" skipped="14" tests="317" time="40.059" timestamp="2025-08-04T04:05:43.293858-05:00" hostname="aiserver1"><testcase classname="debug_search_test.TestSearchDebug" name="test_search_unflushed_data" time="0.001"><error message="failed on setup with &quot;ValueError: URL must be provided via PROXIMADB_URL environment variable or constructor&quot;">tests/debug_search_test.py:17: in client
    return ProximaDBClient()
           ^^^^^^^^^^^^^^^^^
src/proximadb/unified_client.py:103: in __init__
    config = load_config(url=url, api_key=api_key, **kwargs)
             ^^^^^^^^^^^^^^^^^^^^^^^^^^^^^^^^^^^^^^^^^^^^^^^
src/proximadb/config.py:347: in load_config
    return ClientConfig.from_env(**config_dict)
           ^^^^^^^^^^^^^^^^^^^^^^^^^^^^^^^^^^^^
src/proximadb/config.py:218: in from_env
    raise ValueError("URL must be provided via PROXIMADB_URL environment variable or constructor")
E   ValueError: URL must be provided via PROXIMADB_URL environment variable or constructor</error></testcase><testcase classname="debug_search_test.TestSearchDebug" name="test_collection_stats" time="0.000"><error message="failed on setup with &quot;ValueError: URL must be provided via PROXIMADB_URL environment variable or constructor&quot;">tests/debug_search_test.py:17: in client
    return ProximaDBClient()
           ^^^^^^^^^^^^^^^^^
src/proximadb/unified_client.py:103: in __init__
    config = load_config(url=url, api_key=api_key, **kwargs)
             ^^^^^^^^^^^^^^^^^^^^^^^^^^^^^^^^^^^^^^^^^^^^^^^
src/proximadb/config.py:347: in load_config
    return ClientConfig.from_env(**config_dict)
           ^^^^^^^^^^^^^^^^^^^^^^^^^^^^^^^^^^^^
src/proximadb/config.py:218: in from_env
    raise ValueError("URL must be provided via PROXIMADB_URL environment variable or constructor")
E   ValueError: URL must be provided via PROXIMADB_URL environment variable or constructor</error></testcase><testcase classname="debug_search_test.TestSearchDebug" name="test_get_specific_vector" time="0.000"><error message="failed on setup with &quot;ValueError: URL must be provided via PROXIMADB_URL environment variable or constructor&quot;">tests/debug_search_test.py:17: in client
    return ProximaDBClient()
           ^^^^^^^^^^^^^^^^^
src/proximadb/unified_client.py:103: in __init__
    config = load_config(url=url, api_key=api_key, **kwargs)
             ^^^^^^^^^^^^^^^^^^^^^^^^^^^^^^^^^^^^^^^^^^^^^^^
src/proximadb/config.py:347: in load_config
    return ClientConfig.from_env(**config_dict)
           ^^^^^^^^^^^^^^^^^^^^^^^^^^^^^^^^^^^^
src/proximadb/config.py:218: in from_env
    raise ValueError("URL must be provided via PROXIMADB_URL environment variable or constructor")
E   ValueError: URL must be provided via PROXIMADB_URL environment variable or constructor</error></testcase><testcase classname="e2e.test_e2e_vector_flow" name="test_end_to_end_flow" time="4.154" /><testcase classname="e2e.test_simple_e2e" name="test_health_check" time="0.002" /><testcase classname="e2e.test_simple_e2e" name="test_create_collection" time="0.015" /><testcase classname="e2e.test_simple_e2e" name="test_list_collections" time="0.001" /><testcase classname="integration.proto_first_integration_test.TestProtoFirstArchitecture" name="test_proto_first_vector_insert" time="0.032" /><testcase classname="integration.proto_first_integration_test.TestProtoFirstArchitecture" name="test_proto_first_vector_search" time="0.030" /><testcase classname="integration.proto_first_integration_test.TestProtoFirstArchitecture" name="test_proto_metadata_filtering" time="0.032" /><testcase classname="integration.proto_first_integration_test.TestProtoFirstArchitecture" name="test_proto_batch_operations_performance" time="0.032" /><testcase classname="integration.proto_first_integration_test.TestProtoFirstArchitecture" name="test_proto_with_different_engines[1]" time="0.030" /><testcase classname="integration.proto_first_integration_test.TestProtoFirstArchitecture" name="test_proto_with_different_engines[2]" time="0.030" /><testcase classname="integration.test_demo_container.TestDockerDemoContainer" name="test_health_endpoints" time="0.003" /><testcase classname="integration.test_demo_container.TestDockerDemoContainer" name="test_collection_operations" time="0.027" /><testcase classname="integration.test_demo_container.TestDockerDemoContainer" name="test_vector_operations" time="0.001"><failure message="ValueError: URL must be provided via PROXIMADB_URL environment variable or constructor">tests/integration/test_demo_container.py:111: in test_vector_operations
    client = ProximaDBClient(force_protocol='rest')
             ^^^^^^^^^^^^^^^^^^^^^^^^^^^^^^^^^^^^^^
src/proximadb/unified_client.py:103: in __init__
    config = load_config(url=url, api_key=api_key, **kwargs)
             ^^^^^^^^^^^^^^^^^^^^^^^^^^^^^^^^^^^^^^^^^^^^^^^
src/proximadb/config.py:347: in load_config
    return ClientConfig.from_env(**config_dict)
           ^^^^^^^^^^^^^^^^^^^^^^^^^^^^^^^^^^^^
src/proximadb/config.py:218: in from_env
    raise ValueError("URL must be provided via PROXIMADB_URL environment variable or constructor")
E   ValueError: URL must be provided via PROXIMADB_URL environment variable or constructor</failure></testcase><testcase classname="integration.test_demo_container.TestDockerDemoContainer" name="test_performance_baseline" time="0.003" /><testcase classname="integration.test_demo_container.TestDockerDemoContainer" name="test_demo_collections" time="0.001"><skipped type="pytest.skip" message="Collections response not successful, but endpoint works">/home/vsingh/code/proximaDB/clients/python/tests/integration/test_demo_container.py:170: Collections response not successful, but endpoint works</skipped></testcase><testcase classname="integration.test_demo_container.TestDockerDemoContainer" name="test_container_restart_resilience[3]" time="0.001" /><testcase classname="integration.test_quantization_e2e.TestQuantizationE2E" name="test_proto_quantization_fields_exist" time="0.000" /><testcase classname="integration.test_quantization_e2e.TestQuantizationE2E" name="test_create_collection_with_quantization_rest" time="0.727" /><testcase classname="integration.test_quantization_e2e.TestQuantizationE2E" name="test_search_with_optimization_hints_rest" time="0.067" /><testcase classname="integration.test_quantization_e2e.TestQuantizationE2E" name="test_grpc_quantization_hints" time="0.037" /><testcase classname="integration.test_quantization_e2e.TestQuantizationE2E" name="test_quantization_types" time="0.153" /><testcase classname="integration.test_quantization_e2e.TestQuantizationE2E" name="test_progressive_quantization" time="0.096" /><testcase classname="integration.test_quantization_e2e.TestQuantizationE2E" name="test_search_hints_model" time="0.001" /><testcase classname="integration.test_sql_integration.TestSqlIntegration" name="test_basic_similarity_search" time="1.051" /><testcase classname="integration.test_sql_integration.TestSqlIntegration" name="test_filtered_similarity_search" time="1.048" /><testcase classname="integration.test_sql_integration.TestSqlIntegration" name="test_multi_condition_filters" time="1.048" /><testcase classname="integration.test_sql_integration.TestSqlIntegration" name="test_pagination_with_offset" time="1.057" /><testcase classname="integration.test_sql_integration.TestSqlIntegration" name="test_all_supported_metrics" time="1.061"><failure message="assert 1 &gt;= 2">tests/integration/test_sql_integration.py:253: in test_all_supported_metrics
    assert unique_rankings &gt;= 2  # At least 2 different rankings
    ^^^^^^^^^^^^^^^^^^^^^^^^^^^
E   assert 1 &gt;= 2</failure></testcase><testcase classname="integration.test_sql_integration.TestSqlIntegration" name="test_large_result_set" time="1.056" /><testcase classname="integration.test_sql_integration.TestSqlIntegration" name="test_select_all_fields" time="1.051" /><testcase classname="integration.test_sql_integration.TestSqlIntegration" name="test_concurrent_sql_queries" time="1.066" /><testcase classname="integration.test_sql_integration.TestSqlIntegration" name="test_performance_baseline" time="1.063" /><testcase classname="test_avro_debug_obsolete" name="test_proto_serialization" time="0.000"><skipped type="pytest.skip" message="Avro serialization is obsolete, Proto is now the default">/home/vsingh/code/proximaDB/clients/python/tests/test_avro_debug_obsolete.py:19: Avro serialization is obsolete, Proto is now the default</skipped></testcase><testcase classname="test_client_sdk.TestClientCreation" name="test_unified_client_auto_detect" time="0.004" /><testcase classname="test_client_sdk.TestClientCreation" name="test_explicit_protocol_clients" time="0.007" /><testcase classname="test_client_sdk.TestClientCreation" name="test_client_factory_functions" time="0.007" /><testcase classname="test_client_sdk.TestClientCreation" name="test_direct_client_classes" time="0.006" /><testcase classname="test_client_sdk.TestClientCreation" name="test_client_with_config" time="0.002" /><testcase classname="test_client_sdk.TestClientCreation" name="test_client_url_validation" time="0.002" /><testcase classname="test_client_sdk.TestClientConfiguration" name="test_client_config_creation" time="0.000" /><testcase classname="test_client_sdk.TestClientConfiguration" name="test_config_serialization" time="0.000" /><testcase classname="test_client_sdk.TestClientConfiguration" name="test_config_defaults" time="0.000" /><testcase classname="test_client_sdk.TestHealthAndMetrics" name="test_health_check_rest" time="0.005" /><testcase classname="test_client_sdk.TestHealthAndMetrics" name="test_health_check_grpc" time="0.003" /><testcase classname="test_client_sdk.TestHealthAndMetrics" name="test_metrics_collection" time="0.004"><skipped type="pytest.skip" message="Metrics endpoint not implemented: 'ProximaDBClient' object has no attribute 'get_metrics'">/home/vsingh/code/proximaDB/clients/python/tests/test_client_sdk.py:193: Metrics endpoint not implemented: 'ProximaDBClient' object has no attribute 'get_metrics'</skipped></testcase><testcase classname="test_client_sdk.TestErrorHandling" name="test_connection_errors" time="0.002" /><testcase classname="test_client_sdk.TestErrorHandling" name="test_proxima_db_error_hierarchy" time="0.000" /><testcase classname="test_client_sdk.TestErrorHandling" name="test_collection_not_found_handling" time="0.005" /><testcase classname="test_client_sdk.TestErrorHandling" name="test_invalid_input_handling" time="0.004" /><testcase classname="test_client_sdk.TestContextManagers" name="test_client_context_manager" time="0.002" /><testcase classname="test_client_sdk.TestContextManagers" name="test_specific_client_context_managers" time="0.004"><skipped type="pytest.skip" message="Context manager not implemented for gRPC client">/home/vsingh/code/proximaDB/clients/python/tests/test_client_sdk.py:279: Context manager not implemented for gRPC client</skipped></testcase><testcase classname="test_client_sdk.TestAsyncSupport" name="test_async_client_operations" time="0.003"><skipped type="pytest.skip" message="Async client not implemented">/home/vsingh/code/proximaDB/clients/python/tests/test_client_sdk.py:304: Async client not implemented</skipped></testcase><testcase classname="test_client_sdk.TestProtocolInteroperability" name="test_cross_protocol_compatibility" time="0.043" /><testcase classname="test_client_sdk.TestProtocolInteroperability" name="test_protocol_specific_features" time="0.005" /><testcase classname="test_client_sdk.TestClientPerformance" name="test_connection_pooling" time="0.023" /><testcase classname="test_client_sdk.TestClientPerformance" name="test_concurrent_operations" time="0.023" /><testcase classname="test_collection_operations.TestCollectionCRUD" name="test_collection_lifecycle_rest" time="0.047" /><testcase classname="test_collection_operations.TestCollectionCRUD" name="test_collection_lifecycle_grpc" time="0.040" /><testcase classname="test_collection_operations.TestCollectionCRUD" name="test_cross_protocol_operations" time="0.043" /><testcase classname="test_collection_operations.TestCollectionConfiguration" name="test_basic_collection_config" time="0.001" /><testcase classname="test_collection_operations.TestCollectionConfiguration" name="test_advanced_collection_config" time="0.000" /><testcase classname="test_collection_operations.TestCollectionConfiguration" name="test_distance_metrics" time="0.000" /><testcase classname="test_collection_operations.TestCollectionConfiguration" name="test_index_algorithms" time="0.000" /><testcase classname="test_collection_operations.TestCollectionConfiguration" name="test_compression_types" time="0.000" /><testcase classname="test_collection_operations.TestCollectionConfiguration" name="test_collection_with_metadata_schema" time="0.000" /><testcase classname="test_collection_operations.TestCollectionConfiguration" name="test_collection_creation_with_config" time="0.047" /><testcase classname="test_collection_operations.TestCollectionValidation" name="test_dimension_validation" time="0.001" /><testcase classname="test_collection_operations.TestCollectionValidation" name="test_collection_not_found_error" time="0.006" /><testcase classname="test_collection_operations.TestCollectionValidation" name="test_duplicate_collection_creation" time="0.050" /><testcase classname="test_collection_operations.TestCollectionPersistence" name="test_collection_persistence_after_restart" time="0.047" /><testcase classname="test_filter_api" name="test_filter_builder_basic" time="0.001" /><testcase classname="test_filter_api" name="test_filter_builder_or_conditions" time="0.000" /><testcase classname="test_filter_api" name="test_filter_builder_complex" time="0.000" /><testcase classname="test_filter_api" name="test_convenience_functions" time="0.000" /><testcase classname="test_filter_api" name="test_filter_with_grpc_search" time="0.054" /><testcase classname="test_grpc_api_completeness.TestGRPCAPICompleteness" name="test_collection_endpoints" time="0.042" /><testcase classname="test_grpc_api_completeness.TestGRPCAPICompleteness" name="test_vector_endpoints" time="0.077" /><testcase classname="test_grpc_api_completeness.TestGRPCAPICompleteness" name="test_search_endpoints" time="0.062" /><testcase classname="test_grpc_api_completeness.TestGRPCAPICompleteness" name="test_advanced_endpoints" time="0.056" /><testcase classname="test_grpc_api_completeness.TestGRPCAPICompleteness" name="test_streaming_endpoints" time="0.000" /><testcase classname="test_grpc_api_completeness.TestGRPCAPICompleteness" name="test_health_and_admin_endpoints" time="0.001" /><testcase classname="test_grpc_api_completeness.TestGRPCAPICompleteness" name="test_error_handling" time="0.086" /><testcase classname="test_grpc_api_completeness.TestGRPCAPICompleteness" name="test_async_issues_diagnosis" time="0.001" /><testcase classname="test_grpc_api_completeness.TestGRPCAPICompleteness" name="test_endpoint_summary" time="0.001" /><testcase classname="test_grpc_basic" name="test_grpc_basic" time="0.051" /><testcase classname="test_grpc_debug" name="test_collection_creation" time="0.026" /><testcase classname="test_proto_writer" name="test_proto_serialization" time="0.008" /><testcase classname="test_rest_api_completeness.TestRESTAPICompleteness" name="test_collection_endpoints" time="0.048" /><testcase classname="test_rest_api_completeness.TestRESTAPICompleteness" name="test_vector_endpoints" time="0.081" /><testcase classname="test_rest_api_completeness.TestRESTAPICompleteness" name="test_search_endpoints" time="0.068" /><testcase classname="test_rest_api_completeness.TestRESTAPICompleteness" name="test_health_and_admin_endpoints" time="0.002" /><testcase classname="test_rest_api_completeness.TestRESTAPICompleteness" name="test_error_handling" time="0.052" /><testcase classname="test_rest_api_completeness.TestRESTAPICompleteness" name="test_endpoint_summary" time="0.001" /><testcase classname="test_sdk_alignment" name="test_grpc_client_returns_proto_types" time="0.001" /><testcase classname="test_sdk_alignment" name="test_rest_client_uses_pydantic_models" time="0.006" /><testcase classname="test_sdk_alignment" name="test_proto_vs_pydantic_separation" time="0.000" /><testcase classname="test_sdk_alignment" name="test_consistent_field_names" time="0.000" /><testcase classname="test_sdk_upsert_operations.TestSDKUpsertOperations" name="test_basic_upsert_rest" time="0.001"><error message="failed on setup with &quot;ValueError: URL must be provided via PROXIMADB_URL environment variable or constructor&quot;">tests/test_sdk_upsert_operations.py:35: in rest_client
    client = ProximaDBClient(protocol=Protocol.REST)
             ^^^^^^^^^^^^^^^^^^^^^^^^^^^^^^^^^^^^^^^
src/proximadb/unified_client.py:103: in __init__
    config = load_config(url=url, api_key=api_key, **kwargs)
             ^^^^^^^^^^^^^^^^^^^^^^^^^^^^^^^^^^^^^^^^^^^^^^^
src/proximadb/config.py:347: in load_config
    return ClientConfig.from_env(**config_dict)
           ^^^^^^^^^^^^^^^^^^^^^^^^^^^^^^^^^^^^
src/proximadb/config.py:218: in from_env
    raise ValueError("URL must be provided via PROXIMADB_URL environment variable or constructor")
E   ValueError: URL must be provided via PROXIMADB_URL environment variable or constructor</error></testcase><testcase classname="test_sdk_upsert_operations.TestSDKUpsertOperations" name="test_basic_upsert_grpc" time="0.000"><error message="failed on setup with &quot;ValueError: URL must be provided via PROXIMADB_URL environment variable or constructor&quot;">tests/test_sdk_upsert_operations.py:42: in grpc_client
    client = ProximaDBClient(protocol=Protocol.GRPC)
             ^^^^^^^^^^^^^^^^^^^^^^^^^^^^^^^^^^^^^^^
src/proximadb/unified_client.py:103: in __init__
    config = load_config(url=url, api_key=api_key, **kwargs)
             ^^^^^^^^^^^^^^^^^^^^^^^^^^^^^^^^^^^^^^^^^^^^^^^
src/proximadb/config.py:347: in load_config
    return ClientConfig.from_env(**config_dict)
           ^^^^^^^^^^^^^^^^^^^^^^^^^^^^^^^^^^^^
src/proximadb/config.py:218: in from_env
    raise ValueError("URL must be provided via PROXIMADB_URL environment variable or constructor")
E   ValueError: URL must be provided via PROXIMADB_URL environment variable or constructor</error></testcase><testcase classname="test_sdk_upsert_operations.TestSDKUpsertOperations" name="test_batch_upsert_rest" time="0.000"><error message="failed on setup with &quot;ValueError: URL must be provided via PROXIMADB_URL environment variable or constructor&quot;">tests/test_sdk_upsert_operations.py:35: in rest_client
    client = ProximaDBClient(protocol=Protocol.REST)
             ^^^^^^^^^^^^^^^^^^^^^^^^^^^^^^^^^^^^^^^
src/proximadb/unified_client.py:103: in __init__
    config = load_config(url=url, api_key=api_key, **kwargs)
             ^^^^^^^^^^^^^^^^^^^^^^^^^^^^^^^^^^^^^^^^^^^^^^^
src/proximadb/config.py:347: in load_config
    return ClientConfig.from_env(**config_dict)
           ^^^^^^^^^^^^^^^^^^^^^^^^^^^^^^^^^^^^
src/proximadb/config.py:218: in from_env
    raise ValueError("URL must be provided via PROXIMADB_URL environment variable or constructor")
E   ValueError: URL must be provided via PROXIMADB_URL environment variable or constructor</error></testcase><testcase classname="test_sdk_upsert_operations.TestSDKUpsertOperations" name="test_batch_upsert_grpc" time="0.001"><error message="failed on setup with &quot;ValueError: URL must be provided via PROXIMADB_URL environment variable or constructor&quot;">tests/test_sdk_upsert_operations.py:42: in grpc_client
    client = ProximaDBClient(protocol=Protocol.GRPC)
             ^^^^^^^^^^^^^^^^^^^^^^^^^^^^^^^^^^^^^^^
src/proximadb/unified_client.py:103: in __init__
    config = load_config(url=url, api_key=api_key, **kwargs)
             ^^^^^^^^^^^^^^^^^^^^^^^^^^^^^^^^^^^^^^^^^^^^^^^
src/proximadb/config.py:347: in load_config
    return ClientConfig.from_env(**config_dict)
           ^^^^^^^^^^^^^^^^^^^^^^^^^^^^^^^^^^^^
src/proximadb/config.py:218: in from_env
    raise ValueError("URL must be provided via PROXIMADB_URL environment variable or constructor")
E   ValueError: URL must be provided via PROXIMADB_URL environment variable or constructor</error></testcase><testcase classname="test_sdk_upsert_operations.TestSDKUpsertOperations" name="test_upsert_with_search_rest" time="0.000"><error message="failed on setup with &quot;ValueError: URL must be provided via PROXIMADB_URL environment variable or constructor&quot;">tests/test_sdk_upsert_operations.py:35: in rest_client
    client = ProximaDBClient(protocol=Protocol.REST)
             ^^^^^^^^^^^^^^^^^^^^^^^^^^^^^^^^^^^^^^^
src/proximadb/unified_client.py:103: in __init__
    config = load_config(url=url, api_key=api_key, **kwargs)
             ^^^^^^^^^^^^^^^^^^^^^^^^^^^^^^^^^^^^^^^^^^^^^^^
src/proximadb/config.py:347: in load_config
    return ClientConfig.from_env(**config_dict)
           ^^^^^^^^^^^^^^^^^^^^^^^^^^^^^^^^^^^^
src/proximadb/config.py:218: in from_env
    raise ValueError("URL must be provided via PROXIMADB_URL environment variable or constructor")
E   ValueError: URL must be provided via PROXIMADB_URL environment variable or constructor</error></testcase><testcase classname="test_sdk_upsert_operations.TestSDKUpsertOperations" name="test_upsert_with_search_grpc" time="0.000"><error message="failed on setup with &quot;ValueError: URL must be provided via PROXIMADB_URL environment variable or constructor&quot;">tests/test_sdk_upsert_operations.py:42: in grpc_client
    client = ProximaDBClient(protocol=Protocol.GRPC)
             ^^^^^^^^^^^^^^^^^^^^^^^^^^^^^^^^^^^^^^^
src/proximadb/unified_client.py:103: in __init__
    config = load_config(url=url, api_key=api_key, **kwargs)
             ^^^^^^^^^^^^^^^^^^^^^^^^^^^^^^^^^^^^^^^^^^^^^^^
src/proximadb/config.py:347: in load_config
    return ClientConfig.from_env(**config_dict)
           ^^^^^^^^^^^^^^^^^^^^^^^^^^^^^^^^^^^^
src/proximadb/config.py:218: in from_env
    raise ValueError("URL must be provided via PROXIMADB_URL environment variable or constructor")
E   ValueError: URL must be provided via PROXIMADB_URL environment variable or constructor</error></testcase><testcase classname="test_sdk_upsert_operations.TestSDKUpsertOperations" name="test_concurrent_upserts" time="0.000"><error message="failed on setup with &quot;ValueError: URL must be provided via PROXIMADB_URL environment variable or constructor&quot;">tests/test_sdk_upsert_operations.py:35: in rest_client
    client = ProximaDBClient(protocol=Protocol.REST)
             ^^^^^^^^^^^^^^^^^^^^^^^^^^^^^^^^^^^^^^^
src/proximadb/unified_client.py:103: in __init__
    config = load_config(url=url, api_key=api_key, **kwargs)
             ^^^^^^^^^^^^^^^^^^^^^^^^^^^^^^^^^^^^^^^^^^^^^^^
src/proximadb/config.py:347: in load_config
    return ClientConfig.from_env(**config_dict)
           ^^^^^^^^^^^^^^^^^^^^^^^^^^^^^^^^^^^^
src/proximadb/config.py:218: in from_env
    raise ValueError("URL must be provided via PROXIMADB_URL environment variable or constructor")
E   ValueError: URL must be provided via PROXIMADB_URL environment variable or constructor</error></testcase><testcase classname="test_sdk_upsert_operations.TestSDKUpsertOperations" name="test_error_handling" time="0.000"><error message="failed on setup with &quot;ValueError: URL must be provided via PROXIMADB_URL environment variable or constructor&quot;">tests/test_sdk_upsert_operations.py:35: in rest_client
    client = ProximaDBClient(protocol=Protocol.REST)
             ^^^^^^^^^^^^^^^^^^^^^^^^^^^^^^^^^^^^^^^
src/proximadb/unified_client.py:103: in __init__
    config = load_config(url=url, api_key=api_key, **kwargs)
             ^^^^^^^^^^^^^^^^^^^^^^^^^^^^^^^^^^^^^^^^^^^^^^^
src/proximadb/config.py:347: in load_config
    return ClientConfig.from_env(**config_dict)
           ^^^^^^^^^^^^^^^^^^^^^^^^^^^^^^^^^^^^
src/proximadb/config.py:218: in from_env
    raise ValueError("URL must be provided via PROXIMADB_URL environment variable or constructor")
E   ValueError: URL must be provided via PROXIMADB_URL environment variable or constructor</error></testcase><testcase classname="test_sdk_upsert_operations.TestSDKUpsertOperations" name="test_basic_performance_check" time="0.000"><error message="failed on setup with &quot;ValueError: URL must be provided via PROXIMADB_URL environment variable or constructor&quot;">tests/test_sdk_upsert_operations.py:35: in rest_client
    client = ProximaDBClient(protocol=Protocol.REST)
             ^^^^^^^^^^^^^^^^^^^^^^^^^^^^^^^^^^^^^^^
src/proximadb/unified_client.py:103: in __init__
    config = load_config(url=url, api_key=api_key, **kwargs)
             ^^^^^^^^^^^^^^^^^^^^^^^^^^^^^^^^^^^^^^^^^^^^^^^
src/proximadb/config.py:347: in load_config
    return ClientConfig.from_env(**config_dict)
           ^^^^^^^^^^^^^^^^^^^^^^^^^^^^^^^^^^^^
src/proximadb/config.py:218: in from_env
    raise ValueError("URL must be provided via PROXIMADB_URL environment variable or constructor")
E   ValueError: URL must be provided via PROXIMADB_URL environment variable or constructor</error></testcase><testcase classname="test_search_operations.TestSearchOperations" name="test_search_by_id" time="2.013" /><testcase classname="test_search_operations.TestSearchOperations" name="test_search_by_metadata_filtering" time="0.020" /><testcase classname="test_search_operations.TestSearchOperations" name="test_proximity_similarity_search" time="0.058" /><testcase classname="test_search_operations.TestSearchOperations" name="test_document_similarity_search" time="0.001" /><testcase classname="test_search_operations.TestSearchOperations" name="test_cross_protocol_search" time="0.018" /><testcase classname="test_search_operations.TestSearchOperations" name="test_search_edge_cases" time="0.010" /><testcase classname="test_search_operations.TestSearchOperations" name="test_search_with_server_side_filtering" time="0.012" /><testcase classname="test_search_operations.TestSearchOperations" name="test_empty_collection_search" time="0.082" /><testcase classname="test_search_operations.TestAdvancedSearchFeatures" name="test_search_performance_basic" time="0.000"><skipped type="pytest.skip" message="Advanced search features not fully implemented">/home/vsingh/code/proximaDB/clients/python/tests/test_search_operations.py:498: Advanced search features not fully implemented</skipped></testcase><testcase classname="test_search_operations.TestAdvancedSearchFeatures" name="test_search_with_quantization_hints" time="0.000"><skipped type="pytest.skip" message="Advanced search features not fully implemented">/home/vsingh/code/proximaDB/clients/python/tests/test_search_operations.py:535: Advanced search features not fully implemented</skipped></testcase><testcase classname="test_search_operations.TestAdvancedSearchFeatures" name="test_grpc_search_with_optimization" time="0.000"><skipped type="pytest.skip" message="Advanced search features not fully implemented">/home/vsingh/code/proximaDB/clients/python/tests/test_search_operations.py:629: Advanced search features not fully implemented</skipped></testcase><testcase classname="test_search_operations.TestAdvancedSearchFeatures" name="test_collection_with_progressive_quantization" time="0.000"><skipped type="pytest.skip" message="Advanced search features not fully implemented">/home/vsingh/code/proximaDB/clients/python/tests/test_search_operations.py:683: Advanced search features not fully implemented</skipped></testcase><testcase classname="test_sql_api.TestSqlApi" name="test_basic_vector_similarity_query" time="0.062" /><testcase classname="test_sql_api.TestSqlApi" name="test_vector_similarity_with_metadata_filter" time="0.064" /><testcase classname="test_sql_api.TestSqlApi" name="test_different_distance_metrics" time="0.067" /><testcase classname="test_sql_api.TestSqlApi" name="test_complex_metadata_conditions" time="0.061" /><testcase classname="test_sql_api.TestSqlApi" name="test_select_specific_fields" time="0.067" /><testcase classname="test_sql_api.TestSqlApi" name="test_offset_and_limit" time="0.067" /><testcase classname="test_sql_api.TestSqlApi" name="test_collection_hint_parameter" time="0.064" /><testcase classname="test_sql_api.TestSqlApi" name="test_invalid_query_syntax" time="0.064" /><testcase classname="test_sql_api.TestSqlApi" name="test_nonexistent_collection" time="0.009" /><testcase classname="test_sql_api.TestSqlApi" name="test_empty_result_set" time="0.067" /><testcase classname="test_sql_api.TestSqlApi" name="test_all_distance_metrics" time="0.074" /><testcase classname="test_sql_api.TestSqlApi" name="test_metadata_only_query" time="0.065" /><testcase classname="test_unified_client" name="test_protocol_selection" time="0.008" /><testcase classname="test_unified_client" name="test_pydantic_model_creation" time="0.000" /><testcase classname="test_unified_client" name="test_vector_record_creation" time="0.000" /><testcase classname="test_unified_client" name="test_type_conversion_helpers" time="0.005" /><testcase classname="test_unified_client" name="test_performance_info" time="0.005" /><testcase classname="test_unified_client" name="test_client_interface_consistency" time="0.005" /><testcase classname="test_unified_client" name="test_convenience_functions" time="0.007" /><testcase classname="test_unified_client" name="test_context_manager" time="0.005" /><testcase classname="test_vector_operations.TestVectorCRUD" name="test_single_vector_operations_rest" time="0.249" /><testcase classname="test_vector_operations.TestVectorCRUD" name="test_single_vector_operations_grpc" time="0.134" /><testcase classname="test_vector_operations.TestBatchVectorOperations" name="test_batch_insertion_rest" time="0.065" /><testcase classname="test_vector_operations.TestBatchVectorOperations" name="test_batch_insertion_grpc" time="0.060" /><testcase classname="test_vector_operations.TestLargeScaleOperations" name="test_large_batch_rest_uuid" time="0.290" /><testcase classname="test_vector_operations.TestLargeScaleOperations" name="test_large_batch_grpc" time="0.200" /><testcase classname="test_vector_operations.TestLargeScaleOperations" name="test_stress_operations" time="2.232" /><testcase classname="test_vector_operations.TestVectorValidation" name="test_dimension_mismatch" time="0.000"><skipped type="pytest.skip" message="Server dimension validation not yet implemented">/home/vsingh/code/proximaDB/clients/python/tests/test_vector_operations.py:469: Server dimension validation not yet implemented</skipped></testcase><testcase classname="test_vector_operations.TestVectorValidation" name="test_invalid_vector_data" time="0.056" /><testcase classname="unit.test_atomic_wal" name="test_atomic_wal_behavior" time="0.046" /><testcase classname="unit.test_chunking.TestChunkingStrategy" name="test_chunking_strategy_values" time="0.000" /><testcase classname="unit.test_chunking.TestTextChunk" name="test_text_chunk_creation" time="0.000" /><testcase classname="unit.test_chunking.TestTextChunk" name="test_text_chunk_length" time="0.000" /><testcase classname="unit.test_chunking.TestChunkingConfig" name="test_chunking_config_defaults" time="0.000" /><testcase classname="unit.test_chunking.TestChunkingConfig" name="test_chunking_config_custom" time="0.000" /><testcase classname="unit.test_chunking.TestChunkingConfig" name="test_chunking_config_custom_validation" time="0.001" /><testcase classname="unit.test_chunking.TestTextChunker" name="test_text_chunker_creation" time="0.000" /><testcase classname="unit.test_chunking.TestTextChunker" name="test_chunk_text_basic" time="0.001" /><testcase classname="unit.test_chunking.TestTextChunker" name="test_chunk_text_with_sentence_strategy" time="0.001" /><testcase classname="unit.test_chunking.TestTextChunker" name="test_chunk_text_with_paragraph_strategy" time="0.000" /><testcase classname="unit.test_chunking.TestTextChunker" name="test_chunk_text_with_sliding_window_strategy" time="0.000" /><testcase classname="unit.test_chunking.TestTextChunker" name="test_chunk_text_with_fixed_size_strategy" time="0.000" /><testcase classname="unit.test_chunking.TestTextChunker" name="test_chunk_text_empty_text" time="0.000" /><testcase classname="unit.test_chunking.TestTextChunker" name="test_chunk_text_metadata" time="0.000" /><testcase classname="unit.test_chunking.TestChunkingFunctions" name="test_chunk_by_sentences" time="0.000" /><testcase classname="unit.test_chunking.TestChunkingFunctions" name="test_chunk_by_paragraphs" time="0.000" /><testcase classname="unit.test_chunking.TestChunkingFunctions" name="test_chunk_sliding_window" time="0.000" /><testcase classname="unit.test_chunking.TestChunkingFunctions" name="test_create_chunker_factory" time="0.000" /><testcase classname="unit.test_chunking.TestChunkingFunctions" name="test_chunk_text_with_min_size" time="0.000" /><testcase classname="unit.test_collection_operations_comprehensive.TestCollectionCRUD" name="test_collection_lifecycle_rest" time="0.060" /><testcase classname="unit.test_collection_operations_comprehensive.TestCollectionCRUD" name="test_collection_lifecycle_grpc" time="0.053" /><testcase classname="unit.test_collection_operations_comprehensive.TestCollectionCRUD" name="test_cross_protocol_operations" time="0.056" /><testcase classname="unit.test_collection_operations_comprehensive.TestCollectionConfiguration" name="test_basic_collection_config" time="0.000" /><testcase classname="unit.test_collection_operations_comprehensive.TestCollectionConfiguration" name="test_advanced_collection_config" time="0.000" /><testcase classname="unit.test_collection_operations_comprehensive.TestCollectionConfiguration" name="test_distance_metrics" time="0.002" /><testcase classname="unit.test_collection_operations_comprehensive.TestCollectionConfiguration" name="test_index_algorithms" time="0.000" /><testcase classname="unit.test_collection_operations_comprehensive.TestCollectionConfiguration" name="test_storage_engines" time="0.000" /><testcase classname="unit.test_collection_operations_comprehensive.TestCollectionConfiguration" name="test_collection_with_filterable_columns" time="0.000" /><testcase classname="unit.test_collection_operations_comprehensive.TestCollectionConfiguration" name="test_collection_creation_with_config" time="0.059" /><testcase classname="unit.test_collection_operations_comprehensive.TestCollectionValidation" name="test_dimension_validation" time="0.000" /><testcase classname="unit.test_collection_operations_comprehensive.TestCollectionValidation" name="test_collection_not_found_error" time="0.006" /><testcase classname="unit.test_collection_operations_comprehensive.TestCollectionValidation" name="test_duplicate_collection_creation" time="0.060" /><testcase classname="unit.test_collection_operations_comprehensive.TestCollectionPersistence" name="test_collection_persistence_after_restart" time="0.055" /><testcase classname="unit.test_config.TestProtocolEnum" name="test_protocol_values" time="0.000" /><testcase classname="unit.test_config.TestLogLevelEnum" name="test_log_level_values" time="0.000" /><testcase classname="unit.test_config.TestRetryConfig" name="test_retry_config_defaults" time="0.000" /><testcase classname="unit.test_config.TestRetryConfig" name="test_retry_config_custom" time="0.000" /><testcase classname="unit.test_config.TestRetryConfig" name="test_retry_config_validation" time="0.000" /><testcase classname="unit.test_config.TestConnectionConfig" name="test_connection_config_defaults" time="0.000" /><testcase classname="unit.test_config.TestConnectionConfig" name="test_connection_config_custom" time="0.000" /><testcase classname="unit.test_config.TestConnectionConfig" name="test_connection_config_validation" time="0.000" /><testcase classname="unit.test_config.TestCompressionConfig" name="test_compression_config_defaults" time="0.000" /><testcase classname="unit.test_config.TestCompressionConfig" name="test_compression_config_custom" time="0.000" /><testcase classname="unit.test_config.TestCompressionConfig" name="test_compression_config_validation" time="0.000" /><testcase classname="unit.test_config.TestTLSConfig" name="test_tls_config_defaults" time="0.000" /><testcase classname="unit.test_config.TestTLSConfig" name="test_tls_config_custom" time="0.000" /><testcase classname="unit.test_config.TestClientConfig" name="test_client_config_defaults" time="0.000" /><testcase classname="unit.test_config.TestClientConfig" name="test_client_config_custom" time="0.000" /><testcase classname="unit.test_config.TestClientConfig" name="test_client_config_nested" time="0.000" /><testcase classname="unit.test_config.TestClientConfig" name="test_client_config_from_dict" time="0.000" /><testcase classname="unit.test_config.TestConfigFunctions" name="test_load_config_defaults" time="0.000" /><testcase classname="unit.test_config.TestConfigFunctions" name="test_client_config_from_env" time="0.001" /><testcase classname="unit.test_config.TestConfigFunctions" name="test_load_config_with_parameters" time="0.000" /><testcase classname="unit.test_config.TestConfigFunctions" name="test_client_config_url_validation" time="0.000" /><testcase classname="unit.test_config.TestConfigFunctions" name="test_client_config_methods" time="0.000" /><testcase classname="unit.test_config.TestConfigFunctions" name="test_client_config_headers" time="0.002" /><testcase classname="unit.test_exceptions.TestExceptionClasses" name="test_base_exception" time="0.000" /><testcase classname="unit.test_exceptions.TestExceptionClasses" name="test_authentication_error" time="0.000" /><testcase classname="unit.test_exceptions.TestExceptionClasses" name="test_authorization_error" time="0.000" /><testcase classname="unit.test_exceptions.TestExceptionClasses" name="test_collection_not_found_error" time="0.000" /><testcase classname="unit.test_exceptions.TestExceptionClasses" name="test_collection_exists_error" time="0.000" /><testcase classname="unit.test_exceptions.TestExceptionClasses" name="test_vector_not_found_error" time="0.000" /><testcase classname="unit.test_exceptions.TestExceptionClasses" name="test_vector_dimension_error" time="0.000" /><testcase classname="unit.test_exceptions.TestExceptionClasses" name="test_invalid_vector_error" time="0.000" /><testcase classname="unit.test_exceptions.TestExceptionClasses" name="test_rate_limit_error" time="0.000" /><testcase classname="unit.test_exceptions.TestExceptionClasses" name="test_quota_exceeded_error" time="0.000" /><testcase classname="unit.test_exceptions.TestExceptionClasses" name="test_validation_error" time="0.000" /><testcase classname="unit.test_exceptions.TestExceptionClasses" name="test_server_error" time="0.000" /><testcase classname="unit.test_exceptions.TestExceptionClasses" name="test_network_error" time="0.000" /><testcase classname="unit.test_exceptions.TestExceptionClasses" name="test_timeout_error" time="0.000" /><testcase classname="unit.test_exceptions.TestExceptionClasses" name="test_configuration_error" time="0.000" /><testcase classname="unit.test_exceptions.TestExceptionClasses" name="test_index_error" time="0.000" /><testcase classname="unit.test_exceptions.TestExceptionClasses" name="test_batch_error" time="0.000" /><testcase classname="unit.test_exceptions.TestExceptionClasses" name="test_wal_error" time="0.000" /><testcase classname="unit.test_exceptions.TestExceptionClasses" name="test_streaming_error" time="0.000" /><testcase classname="unit.test_exceptions.TestMapHttpError" name="test_400_validation_error" time="0.000" /><testcase classname="unit.test_exceptions.TestMapHttpError" name="test_400_dimension_mismatch" time="0.000" /><testcase classname="unit.test_exceptions.TestMapHttpError" name="test_401_unauthorized" time="0.000" /><testcase classname="unit.test_exceptions.TestMapHttpError" name="test_403_forbidden" time="0.000" /><testcase classname="unit.test_exceptions.TestMapHttpError" name="test_404_collection_not_found" time="0.000" /><testcase classname="unit.test_exceptions.TestMapHttpError" name="test_404_vector_not_found" time="0.000" /><testcase classname="unit.test_exceptions.TestMapHttpError" name="test_404_generic" time="0.000" /><testcase classname="unit.test_exceptions.TestMapHttpError" name="test_409_collection_exists" time="0.000" /><testcase classname="unit.test_exceptions.TestMapHttpError" name="test_413_quota_exceeded" time="0.000" /><testcase classname="unit.test_exceptions.TestMapHttpError" name="test_429_rate_limit" time="0.000" /><testcase classname="unit.test_exceptions.TestMapHttpError" name="test_500_server_error" time="0.000" /><testcase classname="unit.test_exceptions.TestMapHttpError" name="test_503_server_error" time="0.000" /><testcase classname="unit.test_exceptions.TestMapHttpError" name="test_generic_error" time="0.000" /><testcase classname="unit.test_exceptions.TestMapGrpcError" name="test_grpc_not_found" time="0.000" /><testcase classname="unit.test_exceptions.TestMapGrpcError" name="test_grpc_already_exists" time="0.000" /><testcase classname="unit.test_exceptions.TestMapGrpcError" name="test_grpc_permission_denied" time="0.000" /><testcase classname="unit.test_exceptions.TestMapGrpcError" name="test_grpc_unauthenticated" time="0.000" /><testcase classname="unit.test_exceptions.TestMapGrpcError" name="test_grpc_resource_exhausted" time="0.000" /><testcase classname="unit.test_exceptions.TestMapGrpcError" name="test_grpc_invalid_argument" time="0.000" /><testcase classname="unit.test_exceptions.TestMapGrpcError" name="test_grpc_internal" time="0.000" /><testcase classname="unit.test_exceptions.TestMapGrpcError" name="test_grpc_unavailable" time="0.000" /><testcase classname="unit.test_exceptions.TestMapGrpcError" name="test_grpc_deadline_exceeded" time="0.000" /><testcase classname="unit.test_exceptions.TestMapGrpcError" name="test_grpc_unknown_error" time="0.000" /><testcase classname="unit.test_filters_simple.TestFilterCondition" name="test_filter_condition_creation" time="0.000" /><testcase classname="unit.test_filters_simple.TestFilterCondition" name="test_filter_condition_to_dict" time="0.000" /><testcase classname="unit.test_filters_simple.TestFilterGroup" name="test_filter_group_creation" time="0.000" /><testcase classname="unit.test_filters_simple.TestFilterGroup" name="test_add_condition" time="0.000" /><testcase classname="unit.test_filters_simple.TestFilterGroup" name="test_filter_group_to_dict" time="0.000" /><testcase classname="unit.test_filters_simple.TestFilterBuilder" name="test_simple_equals_filter" time="0.000" /><testcase classname="unit.test_filters_simple.TestFilterBuilder" name="test_comparison_operators" time="0.000" /><testcase classname="unit.test_filters_simple.TestFilterBuilder" name="test_in_operator" time="0.000" /><testcase classname="unit.test_filters_simple.TestFilterBuilder" name="test_exists_operator" time="0.000" /><testcase classname="unit.test_filters_simple.TestFilterBuilder" name="test_to_dict_method" time="0.000" /><testcase classname="unit.test_filters_simple.TestHelperFunctions" name="test_eq_function" time="0.001" /><testcase classname="unit.test_filters_simple.TestHelperFunctions" name="test_gt_function" time="0.000" /><testcase classname="unit.test_filters_simple.TestHelperFunctions" name="test_and_filters_function" time="0.000" /><testcase classname="unit.test_filters_simple.TestHelperFunctions" name="test_or_filters_function" time="0.000" /><testcase classname="unit.test_grpc_sync.TestSyncMethod" name="test_sync_method_decorator" time="0.000"><skipped type="pytest.skip" message="sync_method decorator test not applicable - decorator calls async client directly">/home/vsingh/code/proximaDB/clients/python/tests/unit/test_grpc_sync.py:18: sync_method decorator test not applicable - decorator calls async client directly</skipped></testcase><testcase classname="unit.test_grpc_sync.TestProximaDBSyncGrpcClient" name="test_init" time="0.002" /><testcase classname="unit.test_grpc_sync.TestProximaDBSyncGrpcClient" name="test_init_failure" time="0.001" /><testcase classname="unit.test_grpc_sync.TestProximaDBSyncGrpcClient" name="test_close" time="0.001" /><testcase classname="unit.test_grpc_sync.TestProximaDBSyncGrpcClient" name="test_context_manager" time="0.001" /><testcase classname="unit.test_grpc_sync.TestProximaDBSyncGrpcClient" name="test_search_vectors" time="0.001" /><testcase classname="unit.test_grpc_sync.TestProximaDBSyncGrpcClient" name="test_insert_vectors" time="0.001" /><testcase classname="unit.test_grpc_sync.TestProximaDBSyncGrpcClient" name="test_get_vector" time="0.001" /><testcase classname="unit.test_grpc_sync.TestProximaDBSyncGrpcClient" name="test_delete_vector" time="0.001" /><testcase classname="unit.test_grpc_sync.TestProximaDBSyncGrpcClient" name="test_create_collection" time="0.001" /><testcase classname="unit.test_grpc_sync.TestProximaDBSyncGrpcClient" name="test_list_collections" time="0.001" /><testcase classname="unit.test_grpc_sync.TestProximaDBSyncGrpcClient" name="test_delete_collection" time="0.001" /><testcase classname="unit.test_grpc_sync.TestProximaDBSyncGrpcClient" name="test_batch_operations" time="0.001" /><testcase classname="unit.test_grpc_sync.TestProximaDBSyncGrpcClient" name="test_get_collection" time="0.001" /><testcase classname="unit.test_grpc_sync.TestProximaDBSyncGrpcClient" name="test_health_check" time="0.001" /><testcase classname="unit.test_integration_comprehensive.TestComprehensiveIntegration" name="test_10mb_corpus_integration" time="0.000"><skipped type="pytest.skip" message="Long-running integration test - skip for faster testing">/home/vsingh/code/proximaDB/clients/python/tests/unit/test_integration_comprehensive.py:31: Long-running integration test - skip for faster testing</skipped></testcase><testcase classname="unit.test_models_coverage.TestCollectionConfigEdgeCases" name="test_collection_name_validation_edge_case" time="0.001" /><testcase classname="unit.test_models_coverage.TestCollectionConfigEdgeCases" name="test_index_config_property_none" time="0.000" /><testcase classname="unit.test_models_coverage.TestVectorRecordEdgeCases" name="test_vector_validation_non_numeric" time="0.001" /><testcase classname="unit.test_quantization_features.TestQuantizationModels" name="test_quantization_config_defaults" time="0.000" /><testcase classname="unit.test_quantization_features.TestQuantizationModels" name="test_quantization_config_pq" time="0.000" /><testcase classname="unit.test_quantization_features.TestQuantizationModels" name="test_quantization_config_scalar" time="0.000" /><testcase classname="unit.test_quantization_features.TestQuantizationModels" name="test_quantization_config_validation" time="0.000" /><testcase classname="unit.test_quantization_features.TestSearchOptimization" name="test_search_hints_defaults" time="0.000" /><testcase classname="unit.test_quantization_features.TestSearchOptimization" name="test_search_hints_two_stage" time="0.000" /><testcase classname="unit.test_quantization_features.TestSearchOptimization" name="test_search_hints_custom" time="0.000" /><testcase classname="unit.test_quantization_features.TestSearchOptimization" name="test_search_hints_validation" time="0.000" /><testcase classname="unit.test_quantization_features.TestCollectionWithQuantization" name="test_collection_config_with_quantization" time="0.000" /><testcase classname="unit.test_quantization_features.TestCollectionWithQuantization" name="test_collection_config_without_quantization" time="0.000" /><testcase classname="unit.test_quantization_features.TestProtoQuantizationMessages" name="test_quantization_config_proto" time="0.000" /><testcase classname="unit.test_quantization_features.TestProtoQuantizationMessages" name="test_search_optimization_hints_proto" time="0.000" /><testcase classname="unit.test_quantization_features.TestProtoQuantizationMessages" name="test_collection_config_proto_with_quantization" time="0.000" /><testcase classname="unit.test_quantization_features.TestProtoQuantizationMessages" name="test_vector_search_request_with_hints" time="0.000" /><testcase classname="unit.test_quantization_features.TestQuantizationIntegration" name="test_create_collection_with_quantization" time="0.060" /><testcase classname="unit.test_quantization_features.TestQuantizationIntegration" name="test_search_with_optimization_hints" time="0.065"><failure message="ValueError: Number of vectors must match number of IDs">tests/unit/test_quantization_features.py:371: in test_search_with_optimization_hints
    client.insert_vectors(collection_name, vectors, ids)
src/proximadb/unified_client.py:536: in insert_vectors
    return self._client.insert_vectors(collection_id, vectors, ids, metadata)
           ^^^^^^^^^^^^^^^^^^^^^^^^^^^^^^^^^^^^^^^^^^^^^^^^^^^^^^^^^^^^^^^^^^
src/proximadb/protocols/rest_sync.py:528: in insert_vectors
    raise ValueError("Number of vectors must match number of IDs")
E   ValueError: Number of vectors must match number of IDs</failure></testcase><testcase classname="unit.test_search_operations_comprehensive.TestSearchOperations" name="test_search_by_id" time="2.008" /><testcase classname="unit.test_search_operations_comprehensive.TestSearchOperations" name="test_search_by_metadata_filtering" time="0.014" /><testcase classname="unit.test_search_operations_comprehensive.TestSearchOperations" name="test_proximity_similarity_search" time="0.044" /><testcase classname="unit.test_search_operations_comprehensive.TestSearchOperations" name="test_document_similarity_search" time="0.001" /><testcase classname="unit.test_search_operations_comprehensive.TestSearchOperations" name="test_cross_protocol_search" time="3.520" /><testcase classname="unit.test_search_operations_comprehensive.TestSearchOperations" name="test_search_edge_cases" time="0.018" /><testcase classname="unit.test_search_operations_comprehensive.TestSearchOperations" name="test_search_with_server_side_filtering" time="0.010" /><testcase classname="unit.test_search_operations_comprehensive.TestSearchOperations" name="test_empty_collection_search" time="0.095" /><testcase classname="unit.test_simple_atomic_wal" name="test_atomic_wal" time="0.035" /><testcase classname="unit.test_vector_operations_comprehensive.TestVectorCRUD" name="test_single_vector_operations_rest" time="0.053" /><testcase classname="unit.test_vector_operations_comprehensive.TestVectorCRUD" name="test_single_vector_operations_grpc" time="0.008" /><testcase classname="unit.test_vector_operations_comprehensive.TestVectorCRUD" name="test_cross_protocol_vector_operations" time="0.031"><skipped type="pytest.skip" message="Test conflicts with pytest option configuration - based on old API">/home/vsingh/code/proximaDB/clients/python/tests/unit/test_vector_operations_comprehensive.py:143: Test conflicts with pytest option configuration - based on old API</skipped></testcase><testcase classname="unit.test_vector_operations_comprehensive.TestBatchVectorOperations" name="test_batch_insertion_rest" time="0.067" /><testcase classname="unit.test_vector_operations_comprehensive.TestBatchVectorOperations" name="test_batch_insertion_grpc" time="0.062" /><testcase classname="unit.test_vector_operations_comprehensive.TestLargeScaleOperations" name="test_large_batch_rest_uuid" time="0.287" /><testcase classname="unit.test_vector_operations_comprehensive.TestLargeScaleOperations" name="test_large_batch_grpc" time="0.196" /><testcase classname="unit.test_vector_operations_comprehensive.TestLargeScaleOperations" name="test_stress_operations" time="2.201" /><testcase classname="unit.test_vector_operations_comprehensive.TestVectorValidation" name="test_dimension_mismatch" time="0.000"><skipped type="pytest.skip" message="Server dimension validation not yet implemented">/home/vsingh/code/proximaDB/clients/python/tests/unit/test_vector_operations_comprehensive.py:486: Server dimension validation not yet implemented</skipped></testcase><testcase classname="unit.test_vector_operations_comprehensive.TestVectorValidation" name="test_invalid_vector_data" time="0.063" /></testsuite></testsuites>